<?xml version="1.0" encoding="UTF-8"?>
<testng-results skipped="0" failed="0" ignored="0" total="1" passed="1">
  <reporter-output>
  </reporter-output>
  <suite name="Default suite" duration-ms="3514" started-at="2021-08-02T11:40:53Z" finished-at="2021-08-02T11:40:57Z">
    <groups>
    </groups>
    <test name="Default test" duration-ms="3514" started-at="2021-08-02T11:40:53Z" finished-at="2021-08-02T11:40:57Z">
      <class name="com.ty.Rmg.Projects.GetProjectAndDeletesSameProjectAndValidateWithDBTest">
        <test-method status="PASS" signature="getProjectAndDeletesSameProjectAndValidateWithDBTest()[pri:0, instance:com.ty.Rmg.Projects.GetProjectAndDeletesSameProjectAndValidateWithDBTest@2b546384]" name="getProjectAndDeletesSameProjectAndValidateWithDBTest" duration-ms="3481" started-at="2021-08-02T11:40:53Z" finished-at="2021-08-02T11:40:57Z">
          <reporter-output>
          </reporter-output>
        </test-method> <!-- getProjectAndDeletesSameProjectAndValidateWithDBTest -->
      </class> <!-- com.ty.Rmg.Projects.GetProjectAndDeletesSameProjectAndValidateWithDBTest -->
    </test> <!-- Default test -->
  </suite> <!-- Default suite -->
</testng-results>
